<?xml version="1.0" encoding="UTF-8"?>
<!-- Generated by org.testng.reporters.JUnitXMLReporter -->
<testsuite ignored="0" hostname="karishmas-MacBook-Air.local" failures="0" tests="3" name="Default test" time="26.584" errors="0" timestamp="2025-01-07T14:06:30 IST">
  <testcase classname="TestNgClasses.TestNG5_DataProvider" name="enterData" time="8.251"/>
  <testcase classname="TestNgClasses.TestNG5_DataProvider" name="enterData" time="8.186"/>
  <testcase classname="TestNgClasses.TestNG5_DataProvider" name="enterData" time="8.182"/>
</testsuite> <!-- Default test -->
