<?xml version="1.0" encoding="UTF-8"?>
<!-- Generated by org.testng.reporters.JUnitXMLReporter -->
<testsuite ignored="1" hostname="karishmas-MacBook-Air.local" failures="1" tests="12" name="Test" time="0.028" errors="0" timestamp="2025-01-04T22:54:13 IST">
  <testcase classname="TestNgClasses.TestNG2_Sequencing_and_Priorotized" name="a" time="0.003"/>
  <testcase classname="TestNgClasses.TestNG2_Sequencing_and_Priorotized" name="b" time="0.001"/>
  <testcase classname="TestNgClasses.TestNG2_Sequencing_and_Priorotized" name="d" time="0.001"/>
  <testcase classname="TestNgClasses.TestNG2_Sequencing_and_Priorotized" name="c" time="0.0"/>
  <testcase classname="TestNgClasses.TestNG3_SkippingTC" name="c" time="0.0"/>
  <testcase classname="TestNgClasses.TestNG3_SkippingTC" name="d" time="0.0"/>
  <testcase classname="TestNgClasses.TestNG3_SkippingTC" name="d" time="0.001"/>
  <testcase classname="TestNgClasses.TestNG3_SkippingTC" name="f" time="0.0">
    <skipped/>
  </testcase> <!-- f -->
  <testcase classname="TestNgClasses.TestNG4_DependsOnMethod" name="a" time="0.001">
    <failure type="java.lang.AssertionError" message="expected [true] but found [false]">
      <![CDATA[java.lang.AssertionError: expected [true] but found [false]
at TestNgClasses.TestNG4_DependsOnMethod.a(TestNG4_DependsOnMethod.java:12)
at java.base/java.util.ArrayList.forEach(ArrayList.java:1596)
... Removed 29 stack frames]]>
    </failure>
  </testcase> <!-- a -->
  <testcase classname="TestNgClasses.TestNG4_DependsOnMethod" name="b" time="0.0">
    <skipped/>
  </testcase> <!-- b -->
  <testcase classname="TestNgClasses.TestNG1" name="a1" time="0.0"/>
  <testcase classname="TestNgClasses.TestNG1" name="a2" time="0.0"/>
  <testcase classname="TestNgClasses.TestNG3_SkippingTC" name="b" time="0.0">
    <ignored/>
  </testcase> <!-- b -->
</testsuite> <!-- Test -->
