<?xml version="1.0" encoding="UTF-8"?>
<!-- Generated by org.testng.reporters.JUnitXMLReporter -->
<testsuite ignored="4" hostname="karishmas-MacBook-Air.local" failures="1" tests="3" name="Test(failed)" time="0.023" errors="0" timestamp="2025-01-04T22:54:33 IST">
  <testcase classname="TestNgClasses.TestNG3_SkippingTC" name="f" time="0.006">
    <skipped/>
  </testcase> <!-- f -->
  <testcase classname="TestNgClasses.TestNG4_DependsOnMethod" name="a" time="0.001">
    <failure type="java.lang.AssertionError" message="expected [true] but found [false]">
      <![CDATA[java.lang.AssertionError: expected [true] but found [false]
at TestNgClasses.TestNG4_DependsOnMethod.a(TestNG4_DependsOnMethod.java:12)
at java.base/java.util.ArrayList.forEach(ArrayList.java:1596)
... Removed 29 stack frames]]>
    </failure>
  </testcase> <!-- a -->
  <testcase classname="TestNgClasses.TestNG4_DependsOnMethod" name="b" time="0.0">
    <skipped/>
  </testcase> <!-- b -->
  <testcase classname="TestNgClasses.TestNG3_SkippingTC" name="b" time="0.0">
    <ignored/>
  </testcase> <!-- b -->
  <testcase classname="TestNgClasses.TestNG3_SkippingTC" name="e" time="0.0">
    <ignored/>
  </testcase> <!-- e -->
  <testcase classname="TestNgClasses.TestNG3_SkippingTC" name="d" time="0.0">
    <ignored/>
  </testcase> <!-- d -->
  <testcase classname="TestNgClasses.TestNG3_SkippingTC" name="c" time="0.0">
    <ignored/>
  </testcase> <!-- c -->
</testsuite> <!-- Test(failed) -->
