<?xml version="1.0" encoding="UTF-8"?>
<testng-results ignored="0" total="2" passed="2" failed="0" skipped="0">
  <reporter-output>
  </reporter-output>
  <suite started-at="2025-01-04T13:23:04 IST" name="Default suite" finished-at="2025-01-04T13:23:04 IST" duration-ms="15">
    <groups>
    </groups>
    <test started-at="2025-01-04T13:23:04 IST" name="Default test" finished-at="2025-01-04T13:23:04 IST" duration-ms="15">
      <class name="TestNgClasses.TestNG1">
        <test-method is-config="true" signature="c()[pri:0, instance:TestNgClasses.TestNG1@4b0d79fc]" started-at="2025-01-04T13:23:04 IST" name="c" finished-at="2025-01-04T13:23:04 IST" duration-ms="2" status="PASS">
          <reporter-output>
          </reporter-output>
        </test-method> <!-- c -->
        <test-method is-config="true" signature="b()[pri:0, instance:TestNgClasses.TestNG1@4b0d79fc]" started-at="2025-01-04T13:23:04 IST" name="b" finished-at="2025-01-04T13:23:04 IST" duration-ms="0" status="PASS">
          <reporter-output>
          </reporter-output>
        </test-method> <!-- b -->
        <test-method is-config="true" signature="f()[pri:0, instance:TestNgClasses.TestNG1@4b0d79fc]" started-at="2025-01-04T13:23:04 IST" name="f" finished-at="2025-01-04T13:23:04 IST" duration-ms="0" status="PASS">
          <reporter-output>
          </reporter-output>
        </test-method> <!-- f -->
        <test-method signature="a1()[pri:0, instance:TestNgClasses.TestNG1@4b0d79fc]" started-at="2025-01-04T13:23:04 IST" name="a1" finished-at="2025-01-04T13:23:04 IST" duration-ms="2" status="PASS">
          <reporter-output>
          </reporter-output>
        </test-method> <!-- a1 -->
        <test-method is-config="true" signature="e()[pri:0, instance:TestNgClasses.TestNG1@4b0d79fc]" started-at="2025-01-04T13:23:04 IST" name="e" finished-at="2025-01-04T13:23:04 IST" duration-ms="0" status="PASS">
          <reporter-output>
          </reporter-output>
        </test-method> <!-- e -->
        <test-method is-config="true" signature="i()[pri:0, instance:TestNgClasses.TestNG1@4b0d79fc]" started-at="2025-01-04T13:23:04 IST" name="i" finished-at="2025-01-04T13:23:04 IST" duration-ms="0" status="PASS">
          <reporter-output>
          </reporter-output>
        </test-method> <!-- i -->
        <test-method signature="a2()[pri:0, instance:TestNgClasses.TestNG1@4b0d79fc]" started-at="2025-01-04T13:23:04 IST" name="a2" finished-at="2025-01-04T13:23:04 IST" duration-ms="0" status="PASS">
          <reporter-output>
          </reporter-output>
        </test-method> <!-- a2 -->
        <test-method is-config="true" signature="e()[pri:0, instance:TestNgClasses.TestNG1@4b0d79fc]" started-at="2025-01-04T13:23:04 IST" name="e" finished-at="2025-01-04T13:23:04 IST" duration-ms="0" status="PASS">
          <reporter-output>
          </reporter-output>
        </test-method> <!-- e -->
        <test-method is-config="true" signature="g()[pri:0, instance:TestNgClasses.TestNG1@4b0d79fc]" started-at="2025-01-04T13:23:04 IST" name="g" finished-at="2025-01-04T13:23:04 IST" duration-ms="1" status="PASS">
          <reporter-output>
          </reporter-output>
        </test-method> <!-- g -->
        <test-method is-config="true" signature="i()[pri:0, instance:TestNgClasses.TestNG1@4b0d79fc]" started-at="2025-01-04T13:23:04 IST" name="i" finished-at="2025-01-04T13:23:04 IST" duration-ms="0" status="PASS">
          <reporter-output>
          </reporter-output>
        </test-method> <!-- i -->
        <test-method is-config="true" signature="h()[pri:0, instance:TestNgClasses.TestNG1@4b0d79fc]" started-at="2025-01-04T13:23:04 IST" name="h" finished-at="2025-01-04T13:23:04 IST" duration-ms="0" status="PASS">
          <reporter-output>
          </reporter-output>
        </test-method> <!-- h -->
        <test-method is-config="true" signature="d()[pri:0, instance:TestNgClasses.TestNG1@4b0d79fc]" started-at="2025-01-04T13:23:04 IST" name="d" finished-at="2025-01-04T13:23:04 IST" duration-ms="0" status="PASS">
          <reporter-output>
          </reporter-output>
        </test-method> <!-- d -->
      </class> <!-- TestNgClasses.TestNG1 -->
    </test> <!-- Default test -->
  </suite> <!-- Default suite -->
</testng-results>
